<?xml version="1.0" encoding="UTF-8"?>
<testsuite name="com.example.ejemplo.Ecuaciones2Test" tests="1" skipped="0" failures="0" errors="0" timestamp="2022-04-04T12:23:35" hostname="LAPTOP-NVM2MDA5" time="0.017">
  <properties/>
  <testcase name="testFormatoResta" classname="com.example.ejemplo.Ecuaciones2Test" time="0.017"/>
  <system-out><![CDATA[]]></system-out>
  <system-err><![CDATA[]]></system-err>
</testsuite>
